
--> 02/01/2015 22:15 [ERROR] - Falha iniciando Properties
java.io.FileNotFoundException: D:\Programacao\Flex\Atta\TagEvent\.mainGerenciador (The system cannot find the path specified)
	at java.io.FileInputStream.open(Native Method)
	at java.io.FileInputStream.<init>(Unknown Source)
	at propriedades.Propriedades.<init>(Propriedades.java:53)
	at persistencia.administracao.Gerenciador.carregarConfiguracoes(Gerenciador.java:145)
	at persistencia.administracao.Gerenciador.<init>(Gerenciador.java:83)
	at persistencia.administracao.Gerenciador.getInstance(Gerenciador.java:1102)
	at persistencia.administracao.MainGerenciador.main(MainGerenciador.java:37)

--> 02/01/2015 22:15 [ERROR] - Falha iniciando Properties
java.io.FileNotFoundException: D:\Programacao\Flex\Atta\TagEvent\.mainGerenciador (The system cannot find the path specified)
	at java.io.FileInputStream.open(Native Method)
	at java.io.FileInputStream.<init>(Unknown Source)
	at propriedades.Propriedades.<init>(Propriedades.java:53)
	at persistencia.administracao.Gerenciador.carregarComboPerfilModulos(Gerenciador.java:468)
	at persistencia.administracao.Gerenciador.<init>(Gerenciador.java:84)
	at persistencia.administracao.Gerenciador.getInstance(Gerenciador.java:1102)
	at persistencia.administracao.MainGerenciador.main(MainGerenciador.java:37)

--> 02/01/2015 22:17 [ERROR] - Falha iniciando Properties
java.io.FileNotFoundException: D:\Programacao\Flex\Atta\TagEvent\.mainGerenciador (The system cannot find the path specified)
	at java.io.FileInputStream.open(Native Method)
	at java.io.FileInputStream.<init>(Unknown Source)
	at propriedades.Propriedades.<init>(Propriedades.java:53)
	at persistencia.administracao.Gerenciador.carregarConfiguracoes(Gerenciador.java:145)
	at persistencia.administracao.Gerenciador.<init>(Gerenciador.java:83)
	at persistencia.administracao.Gerenciador.getInstance(Gerenciador.java:1102)
	at persistencia.administracao.MainGerenciador.main(MainGerenciador.java:37)

--> 02/01/2015 22:17 [ERROR] - Falha iniciando Properties
java.io.FileNotFoundException: D:\Programacao\Flex\Atta\TagEvent\.mainGerenciador (The system cannot find the path specified)
	at java.io.FileInputStream.open(Native Method)
	at java.io.FileInputStream.<init>(Unknown Source)
	at propriedades.Propriedades.<init>(Propriedades.java:53)
	at persistencia.administracao.Gerenciador.carregarComboPerfilModulos(Gerenciador.java:468)
	at persistencia.administracao.Gerenciador.<init>(Gerenciador.java:84)
	at persistencia.administracao.Gerenciador.getInstance(Gerenciador.java:1102)
	at persistencia.administracao.MainGerenciador.main(MainGerenciador.java:37)

--> 02/01/2015 22:17 [ERROR] - Falha obtendo tabelas do XML
java.io.FileNotFoundException: D:\Programacao\Flex\Atta\TagEvent\src\persistencia\modelagem.erm (The system cannot find the path specified)
	at java.io.FileInputStream.open(Native Method)
	at java.io.FileInputStream.<init>(Unknown Source)
	at br.com.mresolucoes.atta.persistencia.administracao.geraOMJava.GeraOM.obterTabelas(GeraOM.java:44)
	at persistencia.administracao.Gerenciador.gerarOMJava(Gerenciador.java:299)
	at persistencia.administracao.Gerenciador.escutaBotoes(Gerenciador.java:203)
	at sun.reflect.NativeMethodAccessorImpl.invoke0(Native Method)
	at sun.reflect.NativeMethodAccessorImpl.invoke(Unknown Source)
	at sun.reflect.DelegatingMethodAccessorImpl.invoke(Unknown Source)
	at java.lang.reflect.Method.invoke(Unknown Source)
	at swing.eventos.action.EscutaBotoes.actionPerformed(EscutaBotoes.java:78)
	at javax.swing.AbstractButton.fireActionPerformed(Unknown Source)
	at javax.swing.AbstractButton$Handler.actionPerformed(Unknown Source)
	at javax.swing.DefaultButtonModel.fireActionPerformed(Unknown Source)
	at javax.swing.DefaultButtonModel.setPressed(Unknown Source)
	at javax.swing.plaf.basic.BasicButtonListener.mouseReleased(Unknown Source)
	at java.awt.Component.processMouseEvent(Unknown Source)
	at javax.swing.JComponent.processMouseEvent(Unknown Source)
	at java.awt.Component.processEvent(Unknown Source)
	at java.awt.Container.processEvent(Unknown Source)
	at java.awt.Component.dispatchEventImpl(Unknown Source)
	at java.awt.Container.dispatchEventImpl(Unknown Source)
	at java.awt.Component.dispatchEvent(Unknown Source)
	at java.awt.LightweightDispatcher.retargetMouseEvent(Unknown Source)
	at java.awt.LightweightDispatcher.processMouseEvent(Unknown Source)
	at java.awt.LightweightDispatcher.dispatchEvent(Unknown Source)
	at java.awt.Container.dispatchEventImpl(Unknown Source)
	at java.awt.Window.dispatchEventImpl(Unknown Source)
	at java.awt.Component.dispatchEvent(Unknown Source)
	at java.awt.EventQueue.dispatchEventImpl(Unknown Source)
	at java.awt.EventQueue.access$200(Unknown Source)
	at java.awt.EventQueue$3.run(Unknown Source)
	at java.awt.EventQueue$3.run(Unknown Source)
	at java.security.AccessController.doPrivileged(Native Method)
	at java.security.ProtectionDomain$1.doIntersectionPrivilege(Unknown Source)
	at java.security.ProtectionDomain$1.doIntersectionPrivilege(Unknown Source)
	at java.awt.EventQueue$4.run(Unknown Source)
	at java.awt.EventQueue$4.run(Unknown Source)
	at java.security.AccessController.doPrivileged(Native Method)
	at java.security.ProtectionDomain$1.doIntersectionPrivilege(Unknown Source)
	at java.awt.EventQueue.dispatchEvent(Unknown Source)
	at java.awt.EventDispatchThread.pumpOneEventForFilters(Unknown Source)
	at java.awt.EventDispatchThread.pumpEventsForFilter(Unknown Source)
	at java.awt.EventDispatchThread.pumpEventsForHierarchy(Unknown Source)
	at java.awt.EventDispatchThread.pumpEvents(Unknown Source)
	at java.awt.EventDispatchThread.pumpEvents(Unknown Source)
	at java.awt.EventDispatchThread.run(Unknown Source)

--> 02/01/2015 22:20 [ERROR] - Falha iniciando Properties
java.io.FileNotFoundException: D:\Dropbox\Dropbox\Git\TagEvent\TagEvent\.mainGerenciador (The system cannot find the path specified)
	at java.io.FileInputStream.open(Native Method)
	at java.io.FileInputStream.<init>(Unknown Source)
	at propriedades.Propriedades.<init>(Propriedades.java:53)
	at persistencia.administracao.Gerenciador.carregarConfiguracoes(Gerenciador.java:145)
	at persistencia.administracao.Gerenciador.<init>(Gerenciador.java:83)
	at persistencia.administracao.Gerenciador.getInstance(Gerenciador.java:1102)
	at persistencia.administracao.MainGerenciador.main(MainGerenciador.java:37)

--> 02/01/2015 22:20 [ERROR] - Falha iniciando Properties
java.io.FileNotFoundException: D:\Dropbox\Dropbox\Git\TagEvent\TagEvent\.mainGerenciador (The system cannot find the path specified)
	at java.io.FileInputStream.open(Native Method)
	at java.io.FileInputStream.<init>(Unknown Source)
	at propriedades.Propriedades.<init>(Propriedades.java:53)
	at persistencia.administracao.Gerenciador.carregarComboPerfilModulos(Gerenciador.java:468)
	at persistencia.administracao.Gerenciador.<init>(Gerenciador.java:84)
	at persistencia.administracao.Gerenciador.getInstance(Gerenciador.java:1102)
	at persistencia.administracao.MainGerenciador.main(MainGerenciador.java:37)
